2019-09-21T05:00:00.883Z - normal: Load ~/.CocosCreator/settings.json
2019-09-21T05:00:02.114Z - normal: Initializing Asset Database
2019-09-21T05:00:02.118Z - normal: checking language setting...
2019-09-21T05:00:02.118Z - normal: Language: zh
2019-09-21T05:00:02.899Z - success: preview server running at http://localhost:7457
2019-09-21T05:00:02.900Z - success: protocol editor-framework registered
2019-09-21T05:00:02.900Z - success: protocol app registered
2019-09-21T05:00:02.900Z - success: protocol theme registered
2019-09-21T05:00:02.900Z - success: protocol packages registered
2019-09-21T05:00:02.900Z - success: protocol uuid registerred
2019-09-21T05:00:02.900Z - success: protocol db registerred
2019-09-21T05:00:02.900Z - success: protocol thumbnail registerred
2019-09-21T05:00:02.900Z - success: protocol unpack registerred
2019-09-21T05:00:02.900Z - success: protocol disable-commonjs registerred
2019-09-21T05:00:02.999Z - normal: connected!
2019-09-21T05:00:03.000Z - normal: Check project C:\Users\xyxy\work\CircleScroll
2019-09-21T05:00:03.002Z - normal: Initializing project C:\Users\xyxy\work\CircleScroll
2019-09-21T05:00:03.454Z - normal: Initializing Cocos2d
2019-09-21T05:00:04.220Z - normal: Initializing engine extends
2019-09-21T05:00:04.246Z - success: asset-db-debugger loaded
2019-09-21T05:00:04.248Z - success: baidu-adapter loaded
2019-09-21T05:00:04.250Z - success: color-picker loaded
2019-09-21T05:00:04.411Z - success: fb-audience-network loaded
2019-09-21T05:00:04.492Z - success: fb-live-stream loaded
2019-09-21T05:00:04.498Z - success: google-play-instant loaded
2019-09-21T05:00:04.505Z - success: huawei-runtime loaded
2019-09-21T05:00:04.782Z - success: cpk-publish loaded
2019-09-21T05:00:04.783Z - success: jsb-adapter loaded
2019-09-21T05:00:04.790Z - success: oppo-runtime loaded
2019-09-21T05:00:04.795Z - success: package-manager loaded
2019-09-21T05:00:04.956Z - success: qqplay-adapter loaded
2019-09-21T05:00:04.959Z - success: runtime-dev-tools loaded
2019-09-21T05:00:04.964Z - success: sdkbox loaded
2019-09-21T05:00:04.970Z - success: tester loaded
2019-09-21T05:00:04.972Z - success: ui-grid loaded
2019-09-21T05:00:04.975Z - success: ui-kit-preview-extra loaded
2019-09-21T05:00:04.977Z - success: ui-kit-preview loaded
2019-09-21T05:00:04.981Z - success: ui-kit loaded
2019-09-21T05:00:04.983Z - success: ui-tree loaded
2019-09-21T05:00:04.991Z - success: vivo-runtime loaded
2019-09-21T05:00:04.992Z - success: weapp-adapter loaded
2019-09-21T05:00:04.993Z - success: xiaomi-adapter loaded
2019-09-21T05:00:05.042Z - success: assets loaded
2019-09-21T05:00:05.044Z - success: builder loaded
2019-09-21T05:00:05.400Z - success: cocos-services loaded
2019-09-21T05:00:05.407Z - success: console loaded
2019-09-21T05:00:05.441Z - success: fb-instant-games loaded
2019-09-21T05:00:05.445Z - success: google-instant-games loaded
2019-09-21T05:00:05.454Z - success: hierarchy loaded
2019-09-21T05:00:05.461Z - success: inspector loaded
2019-09-21T05:00:05.469Z - success: keystore loaded
2019-09-21T05:00:05.476Z - success: node-library loaded
2019-09-21T05:00:05.481Z - success: package-asset loaded
2019-09-21T05:00:05.489Z - success: preferences loaded
2019-09-21T05:00:05.498Z - success: project-exporter loaded
2019-09-21T05:00:05.500Z - success: project-importer loaded
2019-09-21T05:00:05.502Z - success: project-settings loaded
2019-09-21T05:00:05.507Z - success: scene loaded
2019-09-21T05:00:05.508Z - success: simulator-debugger loaded
2019-09-21T05:00:05.510Z - success: sprite-editor loaded
2019-09-21T05:00:05.513Z - success: store loaded
2019-09-21T05:00:05.517Z - success: timeline loaded
2019-09-21T05:00:05.523Z - success: xiaomi-runtime loaded
2019-09-21T05:00:06.643Z - info: Cocos Services load base data!
2019-09-21T05:00:06.750Z - normal: Loading packages
2019-09-21T05:00:06.761Z - normal: Watching packages
2019-09-21T05:00:08.058Z - normal: Run Application
2019-09-21T05:08:24.313Z - warn: The Asset used by component "cc.Sprite" is missing. Detailed information:
Node path: "icon"
Missing uuid: "f7056445-a4bb-4c59-a41a-0b4454427890"

2019-09-21T05:14:34.459Z - success: huawei-runtime unloaded
2019-09-21T05:14:34.461Z - success: cpk-publish unloaded
2019-09-21T05:14:34.461Z - success: oppo-runtime unloaded
2019-09-21T05:14:34.461Z - success: vivo-runtime unloaded
2019-09-21T05:14:34.480Z - success: huawei-runtime loaded
2019-09-21T05:14:34.480Z - success: cpk-publish loaded
2019-09-21T05:14:34.480Z - success: oppo-runtime loaded
2019-09-21T05:14:34.480Z - success: vivo-runtime loaded
2019-09-21T05:14:37.635Z - normal: Start building with options : {
  "actualPlatform": "web-mobile",
  "android-instant": {
    "REMOTE_SERVER_ROOT": "",
    "host": "",
    "pathPattern": "",
    "recordPath": "",
    "scheme": "https",
    "skipRecord": false
  },
  "apiLevel": "",
  "appABIs": [],
  "appBundle": false,
  "baidugame": {
    "REMOTE_SERVER_ROOT": "",
    "appid": "testappid",
    "orientation": "portrait",
    "subContext": ""
  },
  "buildPath": "C:\\Users\\xyxy\\work\\CircleScroll\\build",
  "debug": false,
  "dest": "C:\\Users\\xyxy\\work\\CircleScroll\\build\\web-mobile",
  "embedWebDebugger": false,
  "encryptJs": true,
  "excludeScenes": [],
  "excludedModules": [],
  "fb-instant-games": {},
  "includeSDKBox": false,
  "inlineSpriteFrames": true,
  "inlineSpriteFrames_native": true,
  "md5Cache": false,
  "mergeStartScene": false,
  "optimizeHotUpdate": false,
  "orientation": {
    "landscapeLeft": true,
    "landscapeRight": true,
    "portrait": false,
    "upsideDown": false
  },
  "packageName": "org.cocos2d.CircleScroll",
  "platform": "web-mobile",
  "previewHeight": "720",
  "previewWidth": "1280",
  "qqplay": {
    "REMOTE_SERVER_ROOT": "",
    "orientation": "portrait",
    "zip": false
  },
  "scenes": [
    "6a4184f3-d29a-4fc4-a65b-ad263dc36a8c"
  ],
  "sourceMaps": false,
  "startScene": "6a4184f3-d29a-4fc4-a65b-ad263dc36a8c",
  "template": "link",
  "title": "CircleScroll",
  "useDebugKeystore": true,
  "vsVersion": "auto",
  "webOrientation": "auto",
  "wechatgame": {
    "REMOTE_SERVER_ROOT": "",
    "appid": "wx6ac3f5090a6b99c5",
    "orientation": "portrait",
    "separate_engine": false,
    "subContext": ""
  },
  "xxteaKey": "4be6916e-9920-4e",
  "zipCompressJs": true,
  "project": "C:\\Users\\xyxy\\work\\CircleScroll",
  "projectName": "CircleScroll",
  "debugBuildWorker": false
}
2019-09-21T05:14:37.638Z - normal: Building C:\Users\xyxy\work\CircleScroll
2019-09-21T05:14:37.639Z - normal: Destination C:\Users\xyxy\work\CircleScroll\build\web-mobile
2019-09-21T05:14:37.791Z - normal: Delete C:\Users\xyxy\work\CircleScroll\build\web-mobile\subpackages/**/*,C:\Users\xyxy\work\CircleScroll\build\web-mobile\**\*
2019-09-21T05:15:27.084Z - normal: Start building assets
2019-09-21T05:15:27.085Z - normal: Start spawn build-worker
2019-09-21T05:15:28.134Z - normal: Finish spawn build-worker
2019-09-21T05:15:28.134Z - normal: Start init build-worker
2019-09-21T05:15:31.830Z - normal: Finish init build-worker
2019-09-21T05:15:31.830Z - normal: Start build-assets in worker
2019-09-21T05:15:32.117Z - normal: Finish build-assets in worker
2019-09-21T05:15:32.124Z - normal: Finish building assets
2019-09-21T05:15:32.137Z - normal: Start building plugin scripts
2019-09-21T05:15:32.184Z - normal: Generating main.js from C:\CocosCreator_2.0.10\resources\static\build-templates\shares\main.js
2019-09-21T05:15:32.203Z - normal: Generating html from C:\CocosCreator_2.0.10\resources\static\build-templates\web-mobile\template\index.html
2019-09-21T05:15:32.225Z - normal: Built to "C:\Users\xyxy\work\CircleScroll\build\web-mobile" successfully
